{"target": 0.3568227435272175, "params": {"alpha": 0.9575972518944614, "colsample_bytree": 0.6976870168318655, "eta": 0.1369410443120632, "gamma": 3.926792918568846, "max_bin": 240.59346819207695, "max_leaves": 302.4118644403805, "min_child_weight": 5.529285102861934}, "datetime": {"datetime": "2022-03-11 10:23:39", "elapsed": 0.0, "delta": 0.0}}
{"target": 0.3517821580755693, "params": {"alpha": 4.009360887675096, "colsample_bytree": 0.9665114829469641, "eta": 0.26402046407520746, "gamma": 1.7890863497893332, "max_bin": 165.26868389133386, "max_leaves": 709.9952316907592, "min_child_weight": 14.254040539658003}, "datetime": {"datetime": "2022-03-11 10:23:45", "elapsed": 6.12351, "delta": 6.12351}}
{"target": 0.34212069154455244, "params": {"alpha": 1.8512537739519748, "colsample_bytree": 0.6489569488525, "eta": 0.15589411793926483, "gamma": 0.0688422479534112, "max_bin": 238.66318783534098, "max_leaves": 907.5800611110276, "min_child_weight": 7.297719678027446}, "datetime": {"datetime": "2022-03-11 10:23:51", "elapsed": 12.423777, "delta": 6.300267}}
{"target": 0.3942420928100874, "params": {"alpha": 3.0769808921674686, "colsample_bytree": 0.2603049933143813, "eta": 0.1169589617405726, "gamma": 4.665700509912608, "max_bin": 205.8720986711759, "max_leaves": 426.02495710434494, "min_child_weight": 15.77460285881491}, "datetime": {"datetime": "2022-03-11 10:23:54", "elapsed": 15.096403, "delta": 2.672626}}
{"target": 0.3504950531588771, "params": {"alpha": 1.5841806108443564, "colsample_bytree": 0.6544789221008553, "eta": 0.2620469429727555, "gamma": 2.180867119478397, "max_bin": 246.57986336164296, "max_leaves": 174.61668991844806, "min_child_weight": 14.085219422366709}, "datetime": {"datetime": "2022-03-11 10:23:58", "elapsed": 19.730863, "delta": 4.63446}}
{"target": 0.34918259051151374, "params": {"alpha": 3.522906540947863, "colsample_bytree": 0.3750336845392709, "eta": 0.2782116122985139, "gamma": 2.2107037770208833, "max_bin": 275.51530892256756, "max_leaves": 91.33074899761309, "min_child_weight": 3.685741676276273}, "datetime": {"datetime": "2022-03-11 10:24:02", "elapsed": 23.671232, "delta": 3.940369}}
{"target": 0.34193652119462686, "params": {"alpha": 0.23677639400757566, "colsample_bytree": 0.7399047548658642, "eta": 0.18244118618099017, "gamma": 2.666550814993753, "max_bin": 41.697496927596944, "max_leaves": 588.9416154228907, "min_child_weight": 6.593368912418301}, "datetime": {"datetime": "2022-03-11 10:24:08", "elapsed": 29.028395, "delta": 5.357163}}
{"target": 0.37101406743229437, "params": {"alpha": 2.5148341655630917, "colsample_bytree": 0.28951545405952306, "eta": 0.1860861748033605, "gamma": 2.829723215252657, "max_bin": 31.826296737300755, "max_leaves": 644.5021751338627, "min_child_weight": 18.242457728663087}, "datetime": {"datetime": "2022-03-11 10:24:10", "elapsed": 31.646932, "delta": 2.618537}}
{"target": 0.36016621267117505, "params": {"alpha": 3.952620665285167, "colsample_bytree": 0.9936651729506891, "eta": 0.28805251102433127, "gamma": 3.959820676458199, "max_bin": 107.01775920661764, "max_leaves": 651.9173716634638, "min_child_weight": 9.561875913413491}, "datetime": {"datetime": "2022-03-11 10:24:17", "elapsed": 38.623082, "delta": 6.97615}}
{"target": 0.4099889064904978, "params": {"alpha": 0.9783758933294912, "colsample_bytree": 0.5058539616252051, "eta": 0.02562336869240861, "gamma": 2.258242041304295, "max_bin": 295.14128021092773, "max_leaves": 154.95115888306728, "min_child_weight": 2.387617958524968}, "datetime": {"datetime": "2022-03-11 10:24:22", "elapsed": 43.184167, "delta": 4.561085}}
{"target": 0.3413555962997372, "params": {"alpha": 3.692615280716734, "colsample_bytree": 0.6698429067711877, "eta": 0.14677343495290665, "gamma": 0.5356340859693315, "max_bin": 91.88901267436684, "max_leaves": 924.765473277982, "min_child_weight": 8.335070756053863}, "datetime": {"datetime": "2022-03-11 10:24:27", "elapsed": 48.22434, "delta": 5.040173}}
{"target": 0.3679809625898167, "params": {"alpha": 2.6792583126580793, "colsample_bytree": 0.20496681326970353, "eta": 0.09718609467338732, "gamma": 2.184465860878051, "max_bin": 195.28022920775453, "max_leaves": 942.8524907775285, "min_child_weight": 12.514733399250705}, "datetime": {"datetime": "2022-03-11 10:24:29", "elapsed": 50.690235, "delta": 2.465895}}
{"target": 0.3726473960040139, "params": {"alpha": 3.5299878254088664, "colsample_bytree": 0.3198669727919418, "eta": 0.22635838864964783, "gamma": 4.155034962167689, "max_bin": 201.10595761676436, "max_leaves": 466.8034020734481, "min_child_weight": 3.0514554934901073}, "datetime": {"datetime": "2022-03-11 10:24:33", "elapsed": 54.351738, "delta": 3.661503}}
{"target": 0.3522358595841463, "params": {"alpha": 2.8420480762359506, "colsample_bytree": 0.6225794220680485, "eta": 0.285914341488542, "gamma": 2.4017958925500804, "max_bin": 165.6910821132886, "max_leaves": 564.5831673810145, "min_child_weight": 16.384041341283165}, "datetime": {"datetime": "2022-03-11 10:24:38", "elapsed": 59.748749, "delta": 5.397011}}
{"target": 0.34725625486257533, "params": {"alpha": 0.28557819044429944, "colsample_bytree": 0.7355373944596391, "eta": 0.23246382223004702, "gamma": 3.540576809888019, "max_bin": 245.1541396058031, "max_leaves": 585.2987418000298, "min_child_weight": 19.316730639842554}, "datetime": {"datetime": "2022-03-11 10:24:44", "elapsed": 64.974046, "delta": 5.225297}}
{"target": 0.35945902514257816, "params": {"alpha": 0.7357844994649859, "colsample_bytree": 0.22371760042833247, "eta": 0.18222911286118382, "gamma": 0.5703284937133124, "max_bin": 286.718659522713, "max_leaves": 355.10175510994446, "min_child_weight": 3.872373803075544}, "datetime": {"datetime": "2022-03-11 10:24:46", "elapsed": 67.276525, "delta": 2.302479}}
{"target": 0.3415968052152804, "params": {"alpha": 2.289058244487138, "colsample_bytree": 0.9363220568744703, "eta": 0.26493005683925597, "gamma": 1.263078775232651, "max_bin": 123.96237407472347, "max_leaves": 213.1280217276663, "min_child_weight": 18.035921027419842}, "datetime": {"datetime": "2022-03-11 10:24:52", "elapsed": 73.105377, "delta": 5.828852}}
{"target": 0.34773715982468395, "params": {"alpha": 3.5326408158589873, "colsample_bytree": 0.7813267692497126, "eta": 0.27102547267481525, "gamma": 3.895819003846621, "max_bin": 191.77179076315895, "max_leaves": 320.7962429386918, "min_child_weight": 3.0279052881486423}, "datetime": {"datetime": "2022-03-11 10:24:58", "elapsed": 79.265345, "delta": 6.159968}}
{"target": 0.4056361442914282, "params": {"alpha": 1.6758732957471745, "colsample_bytree": 0.7260414217262556, "eta": 0.03126933765345927, "gamma": 0.27503197703111826, "max_bin": 117.26259975871764, "max_leaves": 617.7579500272823, "min_child_weight": 17.077971342512836}, "datetime": {"datetime": "2022-03-11 10:25:03", "elapsed": 84.168162, "delta": 4.902817}}
{"target": 0.40370658013050537, "params": {"alpha": 1.4353121250000451, "colsample_bytree": 0.3384537814518337, "eta": 0.04886614973966442, "gamma": 4.973269143221472, "max_bin": 78.4644247567358, "max_leaves": 347.00644844297824, "min_child_weight": 11.365828093182145}, "datetime": {"datetime": "2022-03-11 10:25:06", "elapsed": 86.878949, "delta": 2.710787}}
{"target": 0.35231658518474224, "params": {"alpha": 0.046742872501222554, "colsample_bytree": 0.9205188969240736, "eta": 0.29340001496755025, "gamma": 2.7844733956841745, "max_bin": 52.88893771643134, "max_leaves": 362.3384460032673, "min_child_weight": 14.56857352739344}, "datetime": {"datetime": "2022-03-11 10:25:11", "elapsed": 92.103807, "delta": 5.224858}}
{"target": 0.3841107918515612, "params": {"alpha": 0.7121768667090861, "colsample_bytree": 0.6419751515980364, "eta": 0.08918254530826882, "gamma": 4.872475690436299, "max_bin": 210.30246465916017, "max_leaves": 285.60806014266655, "min_child_weight": 2.1662298836545757}, "datetime": {"datetime": "2022-03-11 10:25:15", "elapsed": 96.472077, "delta": 4.36827}}
{"target": 0.3661004051163294, "params": {"alpha": 3.880903615869411, "colsample_bytree": 0.8259823940801616, "eta": 0.23086513514917328, "gamma": 4.572015566346619, "max_bin": 207.8281511244541, "max_leaves": 595.820640920349, "min_child_weight": 4.035113849059567}, "datetime": {"datetime": "2022-03-11 10:25:22", "elapsed": 102.884447, "delta": 6.41237}}
{"target": 0.38582547530859457, "params": {"alpha": 3.491481877758806, "colsample_bytree": 0.961756327852382, "eta": 0.2680893532711815, "gamma": 4.967836814315868, "max_bin": 251.0499477550599, "max_leaves": 572.7611888502821, "min_child_weight": 9.025081099281966}, "datetime": {"datetime": "2022-03-11 10:25:30", "elapsed": 111.478888, "delta": 8.594441}}
{"target": 0.34572092154594025, "params": {"alpha": 4.452785939644286, "colsample_bytree": 0.9786118328949351, "eta": 0.1820892855750012, "gamma": 1.8303724886023542, "max_bin": 117.23556710088737, "max_leaves": 896.4518690083084, "min_child_weight": 4.312681259767917}, "datetime": {"datetime": "2022-03-11 10:25:37", "elapsed": 118.569238, "delta": 7.09035}}
{"target": 0.3682166310498282, "params": {"alpha": 3.6747259428109817, "colsample_bytree": 0.49249526989374853, "eta": 0.24246475356580044, "gamma": 3.913677959876881, "max_bin": 219.36595239390712, "max_leaves": 649.7943739103736, "min_child_weight": 9.873652914942241}, "datetime": {"datetime": "2022-03-11 10:25:41", "elapsed": 121.927431, "delta": 3.358193}}
{"target": 0.34744396729122634, "params": {"alpha": 4.202688500592443, "colsample_bytree": 0.7696775895549179, "eta": 0.13873360461059722, "gamma": 0.15517430566666324, "max_bin": 128.07473525227147, "max_leaves": 756.876017079056, "min_child_weight": 9.511331461672832}, "datetime": {"datetime": "2022-03-11 10:25:45", "elapsed": 126.74507, "delta": 4.817639}}
{"target": 0.3812161245781969, "params": {"alpha": 1.7220848506100133, "colsample_bytree": 0.7127043479968151, "eta": 0.04659954326817584, "gamma": 0.8573263048212487, "max_bin": 229.01335329590086, "max_leaves": 158.01315842382317, "min_child_weight": 7.392997498932536}, "datetime": {"datetime": "2022-03-11 10:25:50", "elapsed": 131.100504, "delta": 4.355434}}
{"target": 0.3741086013011268, "params": {"alpha": 3.021670024180132, "colsample_bytree": 0.28248355108451784, "eta": 0.24268851287779095, "gamma": 4.727766179210622, "max_bin": 294.34048138216315, "max_leaves": 906.1823883682156, "min_child_weight": 12.553638429279504}, "datetime": {"datetime": "2022-03-11 10:25:52", "elapsed": 133.394856, "delta": 2.294352}}
{"target": 0.33162798315809483, "params": {"alpha": 4.652432667013328, "colsample_bytree": 0.7798319624819512, "eta": 0.2178365869560533, "gamma": 0.20539283292091925, "max_bin": 148.66007929521822, "max_leaves": 311.8132248511591, "min_child_weight": 6.699919377838546}, "datetime": {"datetime": "2022-03-11 10:25:57", "elapsed": 138.374713, "delta": 4.979857}}
{"target": 0.3930005706602458, "params": {"alpha": 4.31673010572387, "colsample_bytree": 0.3928217131432713, "eta": 0.041825217877549, "gamma": 3.683310049792152, "max_bin": 203.4995236906809, "max_leaves": 468.2763085967392, "min_child_weight": 2.387764441677378}, "datetime": {"datetime": "2022-03-11 10:26:01", "elapsed": 141.859638, "delta": 3.484925}}
{"target": 0.35352042014379315, "params": {"alpha": 0.7686740501557865, "colsample_bytree": 0.9327382665650821, "eta": 0.19185542892532598, "gamma": 3.1227072863246335, "max_bin": 113.99522586030436, "max_leaves": 616.4744046765338, "min_child_weight": 16.360150445871845}, "datetime": {"datetime": "2022-03-11 10:26:06", "elapsed": 147.205607, "delta": 5.345969}}
{"target": 0.3648334046365918, "params": {"alpha": 4.6887174628614545, "colsample_bytree": 0.962265710189979, "eta": 0.19924980753215316, "gamma": 3.4800627539482996, "max_bin": 204.82126829295544, "max_leaves": 424.824115394691, "min_child_weight": 17.066557253717257}, "datetime": {"datetime": "2022-03-11 10:26:12", "elapsed": 152.91709, "delta": 5.711483}}
{"target": 0.3622509207548636, "params": {"alpha": 3.6515915587235064, "colsample_bytree": 0.7598303458675522, "eta": 0.22261996696901132, "gamma": 3.254894975931048, "max_bin": 76.31859035737526, "max_leaves": 349.3158698268481, "min_child_weight": 10.304544118558368}, "datetime": {"datetime": "2022-03-11 10:26:16", "elapsed": 157.683448, "delta": 4.766358}}
{"target": 0.3578155758560401, "params": {"alpha": 0.8864283014842661, "colsample_bytree": 0.9985406615560766, "eta": 0.15642711967947512, "gamma": 2.0134741219665946, "max_bin": 79.33198204790203, "max_leaves": 348.2123550688544, "min_child_weight": 10.477646954128993}, "datetime": {"datetime": "2022-03-11 10:26:22", "elapsed": 163.50598, "delta": 5.822532}}
{"target": 0.39300276055403005, "params": {"alpha": 3.8145940678199155, "colsample_bytree": 0.9575249024862547, "eta": 0.049298983381679075, "gamma": 4.3707729487544675, "max_bin": 206.06055716542855, "max_leaves": 424.0086339706324, "min_child_weight": 15.65014447655978}, "datetime": {"datetime": "2022-03-11 10:26:28", "elapsed": 169.088217, "delta": 5.582237}}
{"target": 0.3606435531475107, "params": {"alpha": 1.545650310998064, "colsample_bytree": 0.4667056463567605, "eta": 0.2044126449851289, "gamma": 3.8945864360740923, "max_bin": 208.5477266186467, "max_leaves": 423.44600239005223, "min_child_weight": 16.42342957885891}, "datetime": {"datetime": "2022-03-11 10:26:31", "elapsed": 172.442372, "delta": 3.354155}}
{"target": 0.3691993989644733, "params": {"alpha": 3.6307445628235193, "colsample_bytree": 0.9507358282541061, "eta": 0.09924710902880161, "gamma": 3.638121722234648, "max_bin": 295.1467602725093, "max_leaves": 152.70018627841432, "min_child_weight": 0.554936415453533}, "datetime": {"datetime": "2022-03-11 10:26:38", "elapsed": 178.950053, "delta": 6.507681}}
{"target": 0.412034238373691, "params": {"alpha": 3.099494980862377, "colsample_bytree": 0.7983424309765084, "eta": 0.016050240639554333, "gamma": 2.1551212608419146, "max_bin": 205.8280702001193, "max_leaves": 471.4058279834047, "min_child_weight": 1.4829400884821542}, "datetime": {"datetime": "2022-03-11 10:26:43", "elapsed": 184.388435, "delta": 5.438382}}
{"target": 0.34059347595251266, "params": {"alpha": 2.7324995933905627, "colsample_bytree": 0.9694407032424275, "eta": 0.2507246954527415, "gamma": 2.4612762414281364, "max_bin": 206.34984278481963, "max_leaves": 467.279530322902, "min_child_weight": 1.1394763069562974}, "datetime": {"datetime": "2022-03-11 10:26:50", "elapsed": 191.300827, "delta": 6.912392}}
{"target": 0.351180867836195, "params": {"alpha": 1.4837712370493128, "colsample_bytree": 0.6777317739399964, "eta": 0.21421100358878659, "gamma": 3.3244824270145736, "max_bin": 210.7653149275397, "max_leaves": 287.5275618721363, "min_child_weight": 4.219717692594318}, "datetime": {"datetime": "2022-03-11 10:26:55", "elapsed": 195.894818, "delta": 4.593991}}
{"target": 0.3372734545475706, "params": {"alpha": 1.311043948021684, "colsample_bytree": 0.5889653351913484, "eta": 0.15885669671166167, "gamma": 1.2838775324891483, "max_bin": 230.31522589537502, "max_leaves": 156.1925251378589, "min_child_weight": 7.568697334534624}, "datetime": {"datetime": "2022-03-11 10:26:59", "elapsed": 199.968507, "delta": 4.073689}}
{"target": 0.3832957889735133, "params": {"alpha": 1.8464850695976183, "colsample_bytree": 0.6395711555682577, "eta": 0.06170602217032253, "gamma": 4.993923744383095, "max_bin": 248.7307155764932, "max_leaves": 573.5257294707282, "min_child_weight": 8.27247641221404}, "datetime": {"datetime": "2022-03-11 10:27:03", "elapsed": 204.151964, "delta": 4.183457}}
{"target": 0.35507921497966516, "params": {"alpha": 4.460860511835763, "colsample_bytree": 0.4290751617875314, "eta": 0.23386910236607653, "gamma": 0.40318688876527065, "max_bin": 32.818828683031484, "max_leaves": 644.8631507782827, "min_child_weight": 17.38699975461944}, "datetime": {"datetime": "2022-03-11 10:27:06", "elapsed": 207.192804, "delta": 3.04084}}
{"target": 0.36793937578515495, "params": {"alpha": 0.16336947246991584, "colsample_bytree": 0.28478514152530865, "eta": 0.1331496083974382, "gamma": 4.288687627275823, "max_bin": 76.60667715346453, "max_leaves": 346.7590521525016, "min_child_weight": 8.488900118237634}, "datetime": {"datetime": "2022-03-11 10:27:08", "elapsed": 209.606975, "delta": 2.414171}}
{"target": 0.34664607905701833, "params": {"alpha": 2.904728167072423, "colsample_bytree": 0.302286681197091, "eta": 0.19572331429861595, "gamma": 3.427901610506621, "max_bin": 206.91305584465624, "max_leaves": 473.2150790955148, "min_child_weight": 3.239424710969443}, "datetime": {"datetime": "2022-03-11 10:27:11", "elapsed": 212.283736, "delta": 2.676761}}
{"target": 0.37965023225424716, "params": {"alpha": 3.0756680050842227, "colsample_bytree": 0.734337056329057, "eta": 0.0999152888489016, "gamma": 4.45129476263904, "max_bin": 216.09654462703452, "max_leaves": 649.6708504581533, "min_child_weight": 11.064608101859825}, "datetime": {"datetime": "2022-03-11 10:27:16", "elapsed": 217.261803, "delta": 4.978067}}
{"target": 0.38810877031539115, "params": {"alpha": 2.4346496273610656, "colsample_bytree": 0.3737957234481579, "eta": 0.06453004207514382, "gamma": 1.8893294822662225, "max_bin": 248.2372462623346, "max_leaves": 574.3629362588475, "min_child_weight": 6.78384766974415}, "datetime": {"datetime": "2022-03-11 10:27:19", "elapsed": 220.531966, "delta": 3.270163}}
{"target": 0.3638304258787937, "params": {"alpha": 1.6220719920362376, "colsample_bytree": 0.7132336142657631, "eta": 0.18186320130109912, "gamma": 4.776624036175404, "max_bin": 78.3969583088489, "max_leaves": 347.9916080169896, "min_child_weight": 8.77094630287133}, "datetime": {"datetime": "2022-03-11 10:27:24", "elapsed": 225.618892, "delta": 5.086926}}
{"target": 0.34720142170427987, "params": {"alpha": 0.5261678439785916, "colsample_bytree": 0.9800950277253895, "eta": 0.23693738378338453, "gamma": 4.029868151404025, "max_bin": 252.76335007894608, "max_leaves": 575.1793948565465, "min_child_weight": 5.88089622102967}, "datetime": {"datetime": "2022-03-11 10:27:31", "elapsed": 232.419268, "delta": 6.800376}}
{"target": 0.4161457542044502, "params": {"alpha": 3.3550367857709587, "colsample_bytree": 0.4603713618288674, "eta": 0.02131553680675121, "gamma": 4.090551216693526, "max_bin": 78.25379482029365, "max_leaves": 346.3433913310723, "min_child_weight": 12.79016742759631}, "datetime": {"datetime": "2022-03-11 10:27:35", "elapsed": 236.176256, "delta": 3.756988}}
{"target": 0.35836159475021834, "params": {"alpha": 1.1532659769288771, "colsample_bytree": 0.7139487780341585, "eta": 0.13642459124686152, "gamma": 0.9571400487152204, "max_bin": 249.18845076017826, "max_leaves": 571.468110546884, "min_child_weight": 7.021056086874857}, "datetime": {"datetime": "2022-03-11 10:27:40", "elapsed": 241.638972, "delta": 5.462716}}
{"target": 0.3618370977589327, "params": {"alpha": 2.9114423240522913, "colsample_bytree": 0.9884301809998919, "eta": 0.2732673925201365, "gamma": 4.553612873026253, "max_bin": 80.06789767216097, "max_leaves": 345.05602250120995, "min_child_weight": 14.114160673103328}, "datetime": {"datetime": "2022-03-11 10:27:47", "elapsed": 248.072851, "delta": 6.433879}}
{"target": 0.36545686658669085, "params": {"alpha": 4.453643516560572, "colsample_bytree": 0.5461155851840847, "eta": 0.25990832659786023, "gamma": 4.850415052715894, "max_bin": 203.58094547244295, "max_leaves": 469.3488703320555, "min_child_weight": 1.2367296543127915}, "datetime": {"datetime": "2022-03-11 10:27:51", "elapsed": 252.566045, "delta": 4.493194}}
{"target": 0.3708633903447094, "params": {"alpha": 0.46521471467004916, "colsample_bytree": 0.41031649173834234, "eta": 0.10048255234127929, "gamma": 4.176827638406905, "max_bin": 81.07448044729284, "max_leaves": 347.9973064125218, "min_child_weight": 11.572384384232077}, "datetime": {"datetime": "2022-03-11 10:27:54", "elapsed": 255.626883, "delta": 3.060838}}
